<?xml version="1.0" encoding="UTF-8"?>
<!-- Generated by org.testng.reporters.JUnitXMLReporter -->
<testsuite hostname="eu049121" name="Test1" tests="3" failures="0" timestamp="22 Dec 2015 07:41:38 GMT" time="38.175" errors="0">
  <testcase name="test" time="14.582" classname="com.Automation_Framework.testcases.ContactForm"/>
  <testcase name="screenShot" time="6.293" classname="com.Automation_Framework.frameworkengine.Init"/>
  <testcase name="allLinks" time="17.281" classname="com.Automation_Framework.frameworkengine.Init"/>
</testsuite> <!-- Test1 -->
