<?xml version="1.0" encoding="UTF-8"?>
<!-- Generated by org.testng.reporters.JUnitXMLReporter -->
<testsuite hostname="eu049121" name="Advertising Canada" tests="3" failures="0" timestamp="5 Jan 2016 06:55:11 GMT" time="495.751" errors="0">
  <testcase name="test" time="11.294" classname="com.Automation_Framework.testcases.ContactForm"/>
  <testcase name="allLinks" time="477.78" classname="com.Automation_Framework.frameworkengine.Init"/>
  <testcase name="screenShot" time="1.866" classname="com.Automation_Framework.frameworkengine.Init"/>
</testsuite> <!-- Advertising Canada -->
